[0.072s] Invoking command in '/home/toshie/Desktop/project/build/motor': CMAKE_PREFIX_PATH=/opt/ros/humble /usr/bin/cmake --build /home/toshie/Desktop/project/build/motor -- -j2 -l2
[0.301s] [35m[1mConsolidate compiler generated dependencies of target listener[0m
[0.385s] [ 50%] [32mBuilding CXX object CMakeFiles/listener.dir/src/main.cpp.o[0m
[7.847s] [01m[K/home/toshie/Desktop/project/src/motor/src/main.cpp:[m[K In member function â€˜[01m[Kvoid MinimalSubscriber::topic_callback(const String&) const[m[Kâ€™:
[7.848s] [01m[K/home/toshie/Desktop/project/src/motor/src/main.cpp:38:19:[m[K [01;31m[Kerror: [m[Kdeclaration of â€˜[01m[Kstd::string msg[m[Kâ€™ shadows a parameter
[7.848s]    38 |       std::string [01;31m[Kmsg[m[K = msg.data();
[7.848s]       |                   [01;31m[K^~~[m[K
[7.848s] [01m[K/home/toshie/Desktop/project/src/motor/src/main.cpp:35:55:[m[K [01;36m[Knote: [m[Kâ€˜[01m[Kconst String& msg[m[Kâ€™ previously declared here
[7.849s]    35 |     void topic_callback([01;36m[Kconst std_msgs::msg::String & msg[m[K) const
[7.854s]       |                         [01;36m[K~~~~~~~~~~~~~~~~~~~~~~~~~~~~~~^~~[m[K
[7.854s] [01m[K/home/toshie/Desktop/project/src/motor/src/main.cpp:39:7:[m[K [01;31m[Kerror: [m[Kâ€˜[01m[Kcout[m[Kâ€™ was not declared in this scope; did you mean â€˜[01m[Kstd::cout[m[Kâ€™?
[7.855s]    39 |       [01;31m[Kcout[m[K<<msg;
[7.855s]       |       [01;31m[K^~~~[m[K
[7.858s]       |       [32m[Kstd::cout[m[K
[7.858s] In file included from [01m[K/usr/include/x86_64-linux-gnu/c++/11/bits/stdc++.h:75[m[K,
[7.858s]                  from [01m[K/home/toshie/Desktop/project/src/motor/src/main.cpp:6[m[K:
[7.859s] [01m[K/usr/include/c++/11/iostream:61:18:[m[K [01;36m[Knote: [m[Kâ€˜[01m[Kstd::cout[m[Kâ€™ declared here
[7.862s]    61 |   extern ostream [01;36m[Kcout[m[K;          /// Linked to standard output
[7.864s]       |                  [01;36m[K^~~~[m[K
[7.867s] [01m[K/home/toshie/Desktop/project/src/motor/src/main.cpp:35:55:[m[K [01;35m[Kwarning: [m[Kunused parameter â€˜[01m[Kmsg[m[Kâ€™ [[01;35m[K]8;;https://gcc.gnu.org/onlinedocs/gcc/Warning-Options.html#index-Wunused-parameter-Wunused-parameter]8;;[m[K]
[7.867s]    35 |     void topic_callback([01;35m[Kconst std_msgs::msg::String & msg[m[K) const
[7.867s]       |                         [01;35m[K~~~~~~~~~~~~~~~~~~~~~~~~~~~~~~^~~[m[K
[13.788s] gmake[2]: *** [CMakeFiles/listener.dir/build.make:76: CMakeFiles/listener.dir/src/main.cpp.o] Error 1
[13.790s] gmake[1]: *** [CMakeFiles/Makefile2:137: CMakeFiles/listener.dir/all] Error 2
[13.791s] gmake: *** [Makefile:146: all] Error 2
[13.795s] Invoked command in '/home/toshie/Desktop/project/build/motor' returned '2': CMAKE_PREFIX_PATH=/opt/ros/humble /usr/bin/cmake --build /home/toshie/Desktop/project/build/motor -- -j2 -l2
