[0.037s] Invoking command in '/home/toshie/Desktop/project/build/motor': CMAKE_PREFIX_PATH=/opt/ros/humble /usr/bin/cmake --build /home/toshie/Desktop/project/build/motor -- -j2 -l2
[0.156s] [35m[1mConsolidate compiler generated dependencies of target listener[0m
[0.196s] [ 50%] [32mBuilding CXX object CMakeFiles/listener.dir/src/main.cpp.o[0m
[6.695s] [01m[K/home/toshie/Desktop/project/src/motor/src/main.cpp:47:41:[m[K [01;31m[Kerror: [m[Kâ€˜[01m[KInt16[m[Kâ€™ is not a member of â€˜[01m[Kstd_msgs::msg[m[Kâ€™
[6.695s]    47 |     rclcpp::Subscription<std_msgs::msg::[01;31m[KInt16[m[K>::SharedPtr subscription_;
[6.695s]       |                                         [01;31m[K^~~~~[m[K
[6.695s] [01m[K/home/toshie/Desktop/project/src/motor/src/main.cpp:47:46:[m[K [01;31m[Kerror: [m[Ktemplate argument 1 is invalid
[6.696s]    47 |     rclcpp::Subscription<std_msgs::msg::Int16[01;31m[K>[m[K::SharedPtr subscription_;
[6.698s]       |                                              [01;31m[K^[m[K
[6.698s] [01m[K/home/toshie/Desktop/project/src/motor/src/main.cpp:47:46:[m[K [01;31m[Kerror: [m[Ktemplate argument 3 is invalid
[6.698s] [01m[K/home/toshie/Desktop/project/src/motor/src/main.cpp:47:46:[m[K [01;31m[Kerror: [m[Ktemplate argument 4 is invalid
[6.699s] [01m[K/home/toshie/Desktop/project/src/motor/src/main.cpp:47:46:[m[K [01;31m[Kerror: [m[Ktemplate argument 5 is invalid
[6.722s] [01m[K/home/toshie/Desktop/project/src/motor/src/main.cpp:47:49:[m[K [01;31m[Kerror: [m[Kexpected â€˜[01m[K;[m[Kâ€™ at end of member declaration
[6.722s]    47 |     rclcpp::Subscription<std_msgs::msg::Int16>::[01;31m[KSharedPtr[m[K subscription_;
[6.722s]       |                                                 [01;31m[K^~~~~~~~~[m[K
[6.722s]       |                                                          [32m[K;[m[K
[6.728s] [01m[K/home/toshie/Desktop/project/src/motor/src/main.cpp:47:59:[m[K [01;31m[Kerror: [m[Kâ€˜[01m[Ksubscription_[m[Kâ€™ does not name a type; did you mean â€˜[01m[Krmw_subscription_t[m[Kâ€™?
[6.729s]    47 |     rclcpp::Subscription<std_msgs::msg::Int16>::SharedPtr [01;31m[Ksubscription_[m[K;
[6.729s]       |                                                           [01;31m[K^~~~~~~~~~~~~[m[K
[6.729s]       |                                                           [32m[Krmw_subscription_t[m[K
[6.743s] [01m[K/home/toshie/Desktop/project/src/motor/src/main.cpp:[m[K In constructor â€˜[01m[KMinimalSubscriber::MinimalSubscriber()[m[Kâ€™:
[6.743s] [01m[K/home/toshie/Desktop/project/src/motor/src/main.cpp:33:8:[m[K [01;31m[Kerror: [m[Kâ€˜[01m[Ksubscription_[m[Kâ€™ was not declared in this scope; did you mean â€˜[01m[Krmw_subscription_t[m[Kâ€™?
[6.745s]    33 |        [01;31m[Ksubscription_[m[K = this->create_subscription<std_msgs::msg::Int16>(
[6.745s]       |        [01;31m[K^~~~~~~~~~~~~[m[K
[6.745s]       |        [32m[Krmw_subscription_t[m[K
[6.747s] [01m[K/home/toshie/Desktop/project/src/motor/src/main.cpp:33:65:[m[K [01;31m[Kerror: [m[Kâ€˜[01m[KInt16[m[Kâ€™ is not a member of â€˜[01m[Kstd_msgs::msg[m[Kâ€™
[6.747s]    33 |        subscription_ = this->create_subscription<std_msgs::msg::[01;31m[KInt16[m[K>(
[6.747s]       |                                                                 [01;31m[K^~~~~[m[K
[6.755s] [01m[K/home/toshie/Desktop/project/src/motor/src/main.cpp:33:71:[m[K [01;31m[Kerror: [m[Kno matching function for call to â€˜[01m[KMinimalSubscriber::create_subscription<<expression error> >(const char [6], int, std::_Bind_helper<false, void (MinimalSubscriber::*)(const std_msgs::msg::String_<std::allocator<void> >&) const, MinimalSubscriber*, const std::_Placeholder<1>&>::type)[m[Kâ€™
[6.755s]    33 |        subscription_ = [01;31m[Kthis->create_subscription<std_msgs::msg::Int16>([m[K
[6.755s]       |                        [01;31m[K~~~~~~~~~~~~~~~~~~~~~~~~~~~~~~~~~~~~~~~~~~~~~~~^[m[K
[6.755s]    34 | [01;31m[K      "topic", 10, std::bind(&MinimalSubscriber::topic_callback, this, _1))[m[K;
[6.756s]       |       [01;31m[K~~~~~~~~~~~~~~~~~~~~~~~~~~~~~~~~~~~~~~~~~~~~~~~~~~~~~~~~~~~~~~~~~~~~~[m[K
[6.759s] In file included from [01m[K/opt/ros/humble/include/rclcpp/rclcpp/executors/single_threaded_executor.hpp:28[m[K,
[6.759s]                  from [01m[K/opt/ros/humble/include/rclcpp/rclcpp/executors.hpp:22[m[K,
[6.759s]                  from [01m[K/opt/ros/humble/include/rclcpp/rclcpp/rclcpp.hpp:155[m[K,
[6.760s]                  from [01m[K/home/toshie/Desktop/project/src/motor/src/main.cpp:8[m[K:
[6.760s] [01m[K/opt/ros/humble/include/rclcpp/rclcpp/node.hpp:219:3:[m[K [01;36m[Knote: [m[Kcandidate: â€˜[01m[Ktemplate<class MessageT, class CallbackT, class AllocatorT, class SubscriptionT, class MessageMemoryStrategyT> std::shared_ptr<ROSMessageT> rclcpp::Node::create_subscription(const string&, const rclcpp::QoS&, CallbackT&&, const rclcpp::SubscriptionOptionsWithAllocator<AllocatorT>&, typename MessageMemoryStrategyT::SharedPtr)[m[Kâ€™
[6.760s]   219 |   [01;36m[Kcreate_subscription[m[K(
[6.760s]       |   [01;36m[K^~~~~~~~~~~~~~~~~~~[m[K
[6.764s] [01m[K/opt/ros/humble/include/rclcpp/rclcpp/node.hpp:219:3:[m[K [01;36m[Knote: [m[K  template argument deduction/substitution failed:
[6.765s] [01m[K/home/toshie/Desktop/project/src/motor/src/main.cpp:33:71:[m[K [01;31m[Kerror: [m[Ktemplate argument 1 is invalid
[6.765s]    33 |        subscription_ = [01;31m[Kthis->create_subscription<std_msgs::msg::Int16>([m[K
[6.765s]       |                        [01;31m[K~~~~~~~~~~~~~~~~~~~~~~~~~~~~~~~~~~~~~~~~~~~~~~~^[m[K
[6.765s]    34 | [01;31m[K      "topic", 10, std::bind(&MinimalSubscriber::topic_callback, this, _1))[m[K;
[6.765s]       |       [01;31m[K~~~~~~~~~~~~~~~~~~~~~~~~~~~~~~~~~~~~~~~~~~~~~~~~~~~~~~~~~~~~~~~~~~~~~[m[K
[7.840s] gmake[2]: *** [CMakeFiles/listener.dir/build.make:76: CMakeFiles/listener.dir/src/main.cpp.o] Error 1
[7.841s] gmake[1]: *** [CMakeFiles/Makefile2:137: CMakeFiles/listener.dir/all] Error 2
[7.842s] gmake: *** [Makefile:146: all] Error 2
[7.846s] Invoked command in '/home/toshie/Desktop/project/build/motor' returned '2': CMAKE_PREFIX_PATH=/opt/ros/humble /usr/bin/cmake --build /home/toshie/Desktop/project/build/motor -- -j2 -l2
