[0.255s] Invoking command in '/home/toshie/Desktop/project/build/motor': CMAKE_PREFIX_PATH=/opt/ros/humble /usr/bin/cmake --build /home/toshie/Desktop/project/build/motor -- -j2 -l2
[0.544s] [35m[1mConsolidate compiler generated dependencies of target listener[0m
[0.843s] [ 50%] [32mBuilding CXX object CMakeFiles/listener.dir/src/main.cpp.o[0m
[1.096s] [01m[K/home/toshie/Desktop/project/src/motor/src/main.cpp:1:2:[m[K [01;31m[Kerror: [m[Kinvalid preprocessing directive #DEFINE
[1.096s]     1 | #[01;31m[KDEFINE[m[K L_WHEEL;
[1.099s]       |  [01;31m[K^~~~~~[m[K
[1.101s] [01m[K/home/toshie/Desktop/project/src/motor/src/main.cpp:2:2:[m[K [01;31m[Kerror: [m[Kinvalid preprocessing directive #DEFINE
[1.103s]     2 | #[01;31m[KDEFINE[m[K R_WHEEL;
[1.103s]       |  [01;31m[K^~~~~~[m[K
[2.860s] [01m[K/home/toshie/Desktop/project/src/motor/src/main.cpp:13:13:[m[K [01;35m[Kwarning: [m[Kmulti-character character constant [[01;35m[K]8;;https://gcc.gnu.org/onlinedocs/gcc/Warning-Options.html#index-Wmultichar-Wmultichar]8;;[m[K]
[2.860s]    13 |   if(msg == [01;35m[K'FWD'[m[K)
[2.860s]       |             [01;35m[K^~~~~[m[K
[9.684s] [01m[K/home/toshie/Desktop/project/src/motor/src/main.cpp:11:6:[m[K [01;31m[Kerror: [m[Kvariable or field â€˜[01m[Khead[m[Kâ€™ declared void
[9.684s]    11 | void [01;31m[Khead[m[K(string msg)
[9.684s]       |      [01;31m[K^~~~[m[K
[9.688s] [01m[K/home/toshie/Desktop/project/src/motor/src/main.cpp:11:11:[m[K [01;31m[Kerror: [m[Kâ€˜[01m[Kstring[m[Kâ€™ was not declared in this scope
[9.688s]    11 | void head([01;31m[Kstring[m[K msg)
[9.688s]       |           [01;31m[K^~~~~~[m[K
[9.688s] [01m[K/home/toshie/Desktop/project/src/motor/src/main.cpp:11:11:[m[K [01;36m[Knote: [m[Ksuggested alternatives:
[9.689s] In file included from [01m[K/usr/include/c++/11/iosfwd:39[m[K,
[9.689s]                  from [01m[K/usr/include/c++/11/bits/shared_ptr.h:52[m[K,
[9.689s]                  from [01m[K/usr/include/c++/11/memory:77[m[K,
[9.689s]                  from [01m[K/home/toshie/Desktop/project/src/motor/src/main.cpp:4[m[K:
[9.695s] [01m[K/usr/include/c++/11/bits/stringfwd.h:79:33:[m[K [01;36m[Knote: [m[K  â€˜[01m[Kstd::string[m[Kâ€™
[9.695s]    79 |   typedef basic_string<char>    [01;36m[Kstring[m[K;
[9.695s]       |                                 [01;36m[K^~~~~~[m[K
[9.696s] In file included from [01m[K/home/toshie/Desktop/project/src/motor/src/main.cpp:5[m[K:
[9.696s] [01m[K/usr/include/c++/11/string:67:11:[m[K [01;36m[Knote: [m[K  â€˜[01m[Kstd::pmr::string[m[Kâ€™
[9.696s]    67 |     using [01;36m[Kstring[m[K    = basic_string<char>;
[9.696s]       |           [01;36m[K^~~~~~[m[K
[9.814s] [01m[K/home/toshie/Desktop/project/src/motor/src/main.cpp:[m[K In member function â€˜[01m[Kvoid MinimalSubscriber::topic_callback(const String&) const[m[Kâ€™:
[9.814s] [01m[K/home/toshie/Desktop/project/src/motor/src/main.cpp:36:7:[m[K [01;31m[Kerror: [m[Kâ€˜[01m[Kstring[m[Kâ€™ was not declared in this scope
[9.814s]    36 |       [01;31m[Kstring[m[K msg = msg.data();
[9.814s]       |       [01;31m[K^~~~~~[m[K
[9.817s] [01m[K/home/toshie/Desktop/project/src/motor/src/main.cpp:36:7:[m[K [01;36m[Knote: [m[Ksuggested alternatives:
[9.818s] In file included from [01m[K/usr/include/c++/11/iosfwd:39[m[K,
[9.818s]                  from [01m[K/usr/include/c++/11/bits/shared_ptr.h:52[m[K,
[9.818s]                  from [01m[K/usr/include/c++/11/memory:77[m[K,
[9.818s]                  from [01m[K/home/toshie/Desktop/project/src/motor/src/main.cpp:4[m[K:
[9.822s] [01m[K/usr/include/c++/11/bits/stringfwd.h:79:33:[m[K [01;36m[Knote: [m[K  â€˜[01m[Kstd::string[m[Kâ€™
[9.822s]    79 |   typedef basic_string<char>    [01;36m[Kstring[m[K;
[9.822s]       |                                 [01;36m[K^~~~~~[m[K
[9.822s] In file included from [01m[K/home/toshie/Desktop/project/src/motor/src/main.cpp:5[m[K:
[9.823s] [01m[K/usr/include/c++/11/string:67:11:[m[K [01;36m[Knote: [m[K  â€˜[01m[Kstd::pmr::string[m[Kâ€™
[9.823s]    67 |     using [01;36m[Kstring[m[K    = basic_string<char>;
[9.823s]       |           [01;36m[K^~~~~~[m[K
[9.828s] [01m[K/home/toshie/Desktop/project/src/motor/src/main.cpp:37:7:[m[K [01;31m[Kerror: [m[Kâ€˜[01m[Khead[m[Kâ€™ was not declared in this scope; did you mean â€˜[01m[Kread[m[Kâ€™?
[9.828s]    37 |       [01;31m[Khead[m[K(msg);
[9.828s]       |       [01;31m[K^~~~[m[K
[9.828s]       |       [32m[Kread[m[K
[9.832s] [01m[K/home/toshie/Desktop/project/src/motor/src/main.cpp:[m[K In function â€˜[01m[Kint main(int, char**)[m[Kâ€™:
[9.833s] [01m[K/home/toshie/Desktop/project/src/motor/src/main.cpp:45:62:[m[K [01;31m[Kerror: [m[Kconversion from â€˜[01m[Kstd::shared_ptr<MinimalSubscriber>[m[Kâ€™ to non-scalar type â€˜[01m[KMinimalSubscriber[m[Kâ€™ requested
[9.833s]    45 |   MinimalSubscriber sub = [01;31m[Kstd::make_shared<MinimalSubscriber>()[m[K;
[9.833s]       |                           [01;31m[K~~~~~~~~~~~~~~~~~~~~~~~~~~~~~~~~~~~^~[m[K
[9.833s] [01m[K/home/toshie/Desktop/project/src/motor/src/main.cpp:46:15:[m[K [01;31m[Kerror: [m[Kno matching function for call to â€˜[01m[Kspin(MinimalSubscriber&)[m[Kâ€™
[9.837s]    46 |   [01;31m[Krclcpp::spin(sub)[m[K;
[9.837s]       |   [01;31m[K~~~~~~~~~~~~^~~~~[m[K
[9.837s] In file included from [01m[K/opt/ros/humble/include/rclcpp/rclcpp/rclcpp.hpp:155[m[K,
[9.837s]                  from [01m[K/home/toshie/Desktop/project/src/motor/src/main.cpp:7[m[K:
[9.837s] [01m[K/opt/ros/humble/include/rclcpp/rclcpp/executors.hpp:45:1:[m[K [01;36m[Knote: [m[Kcandidate: â€˜[01m[Kvoid rclcpp::spin(rclcpp::node_interfaces::NodeBaseInterface::SharedPtr)[m[Kâ€™
[9.837s]    45 | [01;36m[Kspin[m[K(rclcpp::node_interfaces::NodeBaseInterface::SharedPtr node_ptr);
[9.838s]       | [01;36m[K^~~~[m[K
[9.838s] [01m[K/opt/ros/humble/include/rclcpp/rclcpp/executors.hpp:45:60:[m[K [01;36m[Knote: [m[K  no known conversion for argument 1 from â€˜[01m[KMinimalSubscriber[m[Kâ€™ to â€˜[01m[Krclcpp::node_interfaces::NodeBaseInterface::SharedPtr[m[Kâ€™ {aka â€˜[01m[Kstd::shared_ptr<rclcpp::node_interfaces::NodeBaseInterface>[m[Kâ€™}
[9.843s]    45 | spin([01;36m[Krclcpp::node_interfaces::NodeBaseInterface::SharedPtr node_ptr[m[K);
[9.845s]       |      [01;36m[K~~~~~~~~~~~~~~~~~~~~~~~~~~~~~~~~~~~~~~~~~~~~~~~~~~~~~~^~~~~~~~[m[K
[9.845s] [01m[K/opt/ros/humble/include/rclcpp/rclcpp/executors.hpp:49:1:[m[K [01;36m[Knote: [m[Kcandidate: â€˜[01m[Kvoid rclcpp::spin(rclcpp::Node::SharedPtr)[m[Kâ€™
[9.845s]    49 | [01;36m[Kspin[m[K(rclcpp::Node::SharedPtr node_ptr);
[9.845s]       | [01;36m[K^~~~[m[K
[9.848s] [01m[K/opt/ros/humble/include/rclcpp/rclcpp/executors.hpp:49:30:[m[K [01;36m[Knote: [m[K  no known conversion for argument 1 from â€˜[01m[KMinimalSubscriber[m[Kâ€™ to â€˜[01m[Krclcpp::Node::SharedPtr[m[Kâ€™ {aka â€˜[01m[Kstd::shared_ptr<rclcpp::Node>[m[Kâ€™}
[9.848s]    49 | spin([01;36m[Krclcpp::Node::SharedPtr node_ptr[m[K);
[9.848s]       |      [01;36m[K~~~~~~~~~~~~~~~~~~~~~~~~^~~~~~~~[m[K
[9.849s] [01m[K/home/toshie/Desktop/project/src/motor/src/main.cpp:50:7:[m[K [01;31m[Kerror: [m[Kâ€˜[01m[KwiringPiSetup[m[Kâ€™ was not declared in this scope
[9.849s]    50 |   if ([01;31m[KwiringPiSetup[m[K () == -1)
[9.849s]       |       [01;31m[K^~~~~~~~~~~~~[m[K
[9.855s] [01m[K/home/toshie/Desktop/project/src/motor/src/main.cpp:53:15:[m[K [01;31m[Kerror: [m[Kâ€˜[01m[KPWM_OUTPUT[m[Kâ€™ was not declared in this scope
[9.855s]    53 |   pinMode (1, [01;31m[KPWM_OUTPUT[m[K) ;
[9.855s]       |               [01;31m[K^~~~~~~~~~[m[K
[9.862s] [01m[K/home/toshie/Desktop/project/src/motor/src/main.cpp:53:3:[m[K [01;31m[Kerror: [m[Kâ€˜[01m[KpinMode[m[Kâ€™ was not declared in this scope
[9.862s]    53 |   [01;31m[KpinMode[m[K (1, PWM_OUTPUT) ;
[9.863s]       |   [01;31m[K^~~~~~~[m[K
[15.244s] gmake[2]: *** [CMakeFiles/listener.dir/build.make:76: CMakeFiles/listener.dir/src/main.cpp.o] Error 1
[15.245s] gmake[1]: *** [CMakeFiles/Makefile2:137: CMakeFiles/listener.dir/all] Error 2
[15.245s] gmake: *** [Makefile:146: all] Error 2
[15.254s] Invoked command in '/home/toshie/Desktop/project/build/motor' returned '2': CMAKE_PREFIX_PATH=/opt/ros/humble /usr/bin/cmake --build /home/toshie/Desktop/project/build/motor -- -j2 -l2
