[0.024s] Invoking command in '/home/toshie/Desktop/maze_bot/build/test': CMAKE_PREFIX_PATH=/home/toshie/Desktop/maze_bot/install/interface:/home/toshie/Desktop/maze_bot/install/motor:/home/toshie/Desktop/maze_bot/install/main:/opt/ros/humble /usr/bin/cmake /home/toshie/Desktop/maze_bot/src/test -DCMAKE_INSTALL_PREFIX=/home/toshie/Desktop/maze_bot/install/test
[0.138s] -- The C compiler identification is GNU 11.4.0
[0.249s] -- The CXX compiler identification is GNU 11.4.0
[0.263s] -- Detecting C compiler ABI info
[0.406s] -- Detecting C compiler ABI info - done
[0.421s] -- Check for working C compiler: /usr/bin/cc - skipped
[0.422s] -- Detecting C compile features
[0.423s] -- Detecting C compile features - done
[0.430s] -- Detecting CXX compiler ABI info
[0.583s] -- Detecting CXX compiler ABI info - done
[0.599s] -- Check for working CXX compiler: /usr/bin/c++ - skipped
[0.600s] -- Detecting CXX compile features
[0.601s] -- Detecting CXX compile features - done
[0.605s] -- Found ament_cmake: 1.3.10 (/opt/ros/humble/share/ament_cmake/cmake)
[0.970s] -- Found Python3: /usr/bin/python3 (found version "3.10.12") found components: Interpreter 
[1.243s] -- Found rclcpp: 16.0.10 (/opt/ros/humble/share/rclcpp/cmake)
[1.447s] -- Found rosidl_generator_c: 3.1.5 (/opt/ros/humble/share/rosidl_generator_c/cmake)
[1.456s] -- Found rosidl_adapter: 3.1.5 (/opt/ros/humble/share/rosidl_adapter/cmake)
[1.470s] -- Found rosidl_generator_cpp: 3.1.5 (/opt/ros/humble/share/rosidl_generator_cpp/cmake)
[1.492s] -- Using all available rosidl_typesupport_c: rosidl_typesupport_fastrtps_c;rosidl_typesupport_introspection_c
[1.524s] -- Using all available rosidl_typesupport_cpp: rosidl_typesupport_fastrtps_cpp;rosidl_typesupport_introspection_cpp
[1.713s] -- Found rmw_implementation_cmake: 6.1.2 (/opt/ros/humble/share/rmw_implementation_cmake/cmake)
[1.743s] -- Found rmw_fastrtps_cpp: 6.2.7 (/opt/ros/humble/share/rmw_fastrtps_cpp/cmake)
[2.274s] -- Found OpenSSL: /usr/lib/x86_64-linux-gnu/libcrypto.so (found version "3.0.2")  
[2.377s] -- Found FastRTPS: /opt/ros/humble/include  
[2.444s] -- Using RMW implementation 'rmw_fastrtps_cpp' as default
[2.521s] -- Looking for pthread.h
[2.696s] -- Looking for pthread.h - found
[2.696s] -- Performing Test CMAKE_HAVE_LIBC_PTHREAD
[2.836s] -- Performing Test CMAKE_HAVE_LIBC_PTHREAD - Success
[2.839s] -- Found Threads: TRUE  
[3.068s] -- Found interface: 0.0.0 (/home/toshie/Desktop/maze_bot/install/interface/share/interface/cmake)
[3.104s] -- Found ament_lint_auto: 0.12.11 (/opt/ros/humble/share/ament_lint_auto/cmake)
[3.369s] -- Added test 'cppcheck' to perform static code analysis on C / C++ code
[3.369s] -- Configured cppcheck include dirs: 
[3.370s] -- Configured cppcheck exclude dirs and/or files: 
[3.391s] -- Added test 'lint_cmake' to check CMake code style
[3.397s] -- Added test 'uncrustify' to check C / C++ code style
[3.398s] -- Configured uncrustify additional arguments: 
[3.399s] -- Added test 'xmllint' to check XML markup files
[3.402s] -- Configuring done
[3.424s] -- Generating done
[3.427s] -- Build files have been written to: /home/toshie/Desktop/maze_bot/build/test
[3.449s] Invoked command in '/home/toshie/Desktop/maze_bot/build/test' returned '0': CMAKE_PREFIX_PATH=/home/toshie/Desktop/maze_bot/install/interface:/home/toshie/Desktop/maze_bot/install/motor:/home/toshie/Desktop/maze_bot/install/main:/opt/ros/humble /usr/bin/cmake /home/toshie/Desktop/maze_bot/src/test -DCMAKE_INSTALL_PREFIX=/home/toshie/Desktop/maze_bot/install/test
[3.452s] Invoking command in '/home/toshie/Desktop/maze_bot/build/test': CMAKE_PREFIX_PATH=/home/toshie/Desktop/maze_bot/install/interface:/home/toshie/Desktop/maze_bot/install/motor:/home/toshie/Desktop/maze_bot/install/main:/opt/ros/humble /usr/bin/cmake --build /home/toshie/Desktop/maze_bot/build/test -- -j2 -l2
[3.544s] [ 25%] [32mBuilding CXX object CMakeFiles/talker.dir/src/pub.cpp.o[0m
[3.549s] [ 50%] [32mBuilding CXX object CMakeFiles/listener.dir/src/sub.cpp.o[0m
[12.011s] In file included from [01m[K/opt/ros/humble/include/rclcpp/rclcpp/client.hpp:40[m[K,
[12.011s]                  from [01m[K/opt/ros/humble/include/rclcpp/rclcpp/callback_group.hpp:24[m[K,
[12.012s]                  from [01m[K/opt/ros/humble/include/rclcpp/rclcpp/any_executable.hpp:20[m[K,
[12.012s]                  from [01m[K/opt/ros/humble/include/rclcpp/rclcpp/memory_strategy.hpp:25[m[K,
[12.012s]                  from [01m[K/opt/ros/humble/include/rclcpp/rclcpp/memory_strategies.hpp:18[m[K,
[12.012s]                  from [01m[K/opt/ros/humble/include/rclcpp/rclcpp/executor_options.hpp:20[m[K,
[12.014s]                  from [01m[K/opt/ros/humble/include/rclcpp/rclcpp/executor.hpp:37[m[K,
[12.015s]                  from [01m[K/opt/ros/humble/include/rclcpp/rclcpp/executors/multi_threaded_executor.hpp:25[m[K,
[12.015s]                  from [01m[K/opt/ros/humble/include/rclcpp/rclcpp/executors.hpp:21[m[K,
[12.015s]                  from [01m[K/opt/ros/humble/include/rclcpp/rclcpp/rclcpp.hpp:155[m[K,
[12.015s]                  from [01m[K/home/toshie/Desktop/maze_bot/src/test/src/sub.cpp:4[m[K:
[12.015s] [01m[K/home/toshie/Desktop/maze_bot/src/test/src/sub.cpp:[m[K In member function â€˜[01m[Kvoid MinimalSubscriber::topic_callback(const Motor&) const[m[Kâ€™:
[12.016s] [01m[K/home/toshie/Desktop/maze_bot/src/test/src/sub.cpp:22:64:[m[K [01;31m[Kerror: [m[Kâ€˜[01m[Kconst Motor[m[Kâ€™ {aka â€˜[01m[Kconst struct interface::msg::Motor_<std::allocator<void> >[m[Kâ€™} has no member named â€˜[01m[KMotor[m[Kâ€™; did you mean â€˜[01m[KMotor_[m[Kâ€™?
[12.016s]    22 |     RCLCPP_INFO_STREAM(this->get_logger(), "I heard: '" << msg.[01;31m[KMotor[m[K << "'");     // CHANGE
[12.018s]       |                                                                [01;31m[K^~~~~[m[K
[18.313s] [ 75%] [32m[1mLinking CXX executable talker[0m
[18.935s] gmake[2]: *** [CMakeFiles/listener.dir/build.make:76: CMakeFiles/listener.dir/src/sub.cpp.o] Error 1
[18.935s] gmake[1]: *** [CMakeFiles/Makefile2:165: CMakeFiles/listener.dir/all] Error 2
[18.935s] gmake[1]: *** Waiting for unfinished jobs....
[19.113s] [ 75%] Built target talker
[19.116s] gmake: *** [Makefile:146: all] Error 2
[19.119s] Invoked command in '/home/toshie/Desktop/maze_bot/build/test' returned '2': CMAKE_PREFIX_PATH=/home/toshie/Desktop/maze_bot/install/interface:/home/toshie/Desktop/maze_bot/install/motor:/home/toshie/Desktop/maze_bot/install/main:/opt/ros/humble /usr/bin/cmake --build /home/toshie/Desktop/maze_bot/build/test -- -j2 -l2
