[0.083s] Invoking command in '/home/toshie/Desktop/project/build/motor': CMAKE_PREFIX_PATH=/opt/ros/humble /usr/bin/cmake --build /home/toshie/Desktop/project/build/motor -- -j2 -l2
[1.263s] [35m[1mConsolidate compiler generated dependencies of target listener[0m
[1.388s] [ 50%] [32mBuilding CXX object CMakeFiles/listener.dir/src/main.cpp.o[0m
[10.081s] [01m[K/home/toshie/Desktop/project/src/motor/src/main.cpp:[m[K In member function â€˜[01m[Kvoid MinimalSubscriber::topic_callback(const String&) const[m[Kâ€™:
[10.081s] [01m[K/home/toshie/Desktop/project/src/motor/src/main.cpp:39:7:[m[K [01;31m[Kerror: [m[Kâ€˜[01m[Khead[m[Kâ€™ was not declared in this scope; did you mean â€˜[01m[Kread[m[Kâ€™?
[10.082s]    39 |       [01;31m[Khead[m[K(msg.data.c_str());
[10.082s]       |       [01;31m[K^~~~[m[K
[10.082s]       |       [32m[Kread[m[K
[15.701s] gmake[2]: *** [CMakeFiles/listener.dir/build.make:76: CMakeFiles/listener.dir/src/main.cpp.o] Error 1
[15.702s] gmake[1]: *** [CMakeFiles/Makefile2:137: CMakeFiles/listener.dir/all] Error 2
[15.702s] gmake: *** [Makefile:146: all] Error 2
[15.708s] Invoked command in '/home/toshie/Desktop/project/build/motor' returned '2': CMAKE_PREFIX_PATH=/opt/ros/humble /usr/bin/cmake --build /home/toshie/Desktop/project/build/motor -- -j2 -l2
